This is XeTeX, Version 3.141592653-2.6-0.999997 (MiKTeX 25.4) (preloaded format=xelatex 2025.7.6)  26 JUL 2025 20:15
entering extended mode
 restricted \write18 enabled.
 %&-line parsing enabled.
**./document.tex
(document.tex
LaTeX2e <2025-06-01> patch level 1
L3 programming layer <2025-06-09>
(C:\Users\Mobina\AppData\Local\Programs\MiKTeX\tex/latex/base\article.cls
Document Class: article 2025/01/22 v1.4n Standard LaTeX document class
(C:\Users\Mobina\AppData\Local\Programs\MiKTeX\tex/latex/base\size12.clo
File: size12.clo 2025/01/22 v1.4n Standard LaTeX file (size option)
)
\c@part=\count271
\c@section=\count272
\c@subsection=\count273
\c@subsubsection=\count274
\c@paragraph=\count275
\c@subparagraph=\count276
\c@figure=\count277
\c@table=\count278
\abovecaptionskip=\skip49
\belowcaptionskip=\skip50
\bibindent=\dimen148
)
(C:\Users\Mobina\AppData\Local\Programs\MiKTeX\tex/latex/preprint\fullpage.sty
Package: fullpage 1999/02/23 1.1 (PWD)
\FP@margin=\skip51
) (C:\Users\Mobina\AppData\Local\Programs\MiKTeX\tex/latex/amsmath\amsmath.sty
Package: amsmath 2025/06/16 v2.17y AMS math features
\@mathmargin=\skip52

For additional information on amsmath, use the `?' option.
(C:\Users\Mobina\AppData\Local\Programs\MiKTeX\tex/latex/amsmath\amstext.sty
Package: amstext 2024/11/17 v2.01 AMS text

(C:\Users\Mobina\AppData\Local\Programs\MiKTeX\tex/latex/amsmath\amsgen.sty
File: amsgen.sty 1999/11/30 v2.0 generic functions
\@emptytoks=\toks17
\ex@=\dimen149
))
(C:\Users\Mobina\AppData\Local\Programs\MiKTeX\tex/latex/amsmath\amsbsy.sty
Package: amsbsy 1999/11/29 v1.2d Bold Symbols
\pmbraise@=\dimen150
)
(C:\Users\Mobina\AppData\Local\Programs\MiKTeX\tex/latex/amsmath\amsopn.sty
Package: amsopn 2022/04/08 v2.04 operator names
)
\inf@bad=\count279
LaTeX Info: Redefining \frac on input line 233.
\uproot@=\count280
\leftroot@=\count281
LaTeX Info: Redefining \overline on input line 398.
LaTeX Info: Redefining \colon on input line 409.
\classnum@=\count282
\DOTSCASE@=\count283
LaTeX Info: Redefining \ldots on input line 495.
LaTeX Info: Redefining \dots on input line 498.
LaTeX Info: Redefining \cdots on input line 619.
\Mathstrutbox@=\box53
\strutbox@=\box54
LaTeX Info: Redefining \big on input line 721.
LaTeX Info: Redefining \Big on input line 722.
LaTeX Info: Redefining \bigg on input line 723.
LaTeX Info: Redefining \Bigg on input line 724.
\big@size=\dimen151
LaTeX Font Info:    Redeclaring font encoding OML on input line 742.
LaTeX Font Info:    Redeclaring font encoding OMS on input line 743.
\macc@depth=\count284
LaTeX Info: Redefining \bmod on input line 904.
LaTeX Info: Redefining \pmod on input line 909.
LaTeX Info: Redefining \smash on input line 939.
LaTeX Info: Redefining \relbar on input line 969.
LaTeX Info: Redefining \Relbar on input line 970.
\c@MaxMatrixCols=\count285
\dotsspace@=\muskip17
\c@parentequation=\count286
\dspbrk@lvl=\count287
\tag@help=\toks18
\row@=\count288
\column@=\count289
\maxfields@=\count290
\andhelp@=\toks19
\eqnshift@=\dimen152
\alignsep@=\dimen153
\tagshift@=\dimen154
\tagwidth@=\dimen155
\totwidth@=\dimen156
\lineht@=\dimen157
\@envbody=\toks20
\multlinegap=\skip53
\multlinetaggap=\skip54
\mathdisplay@stack=\toks21
LaTeX Info: Redefining \[ on input line 2949.
LaTeX Info: Redefining \] on input line 2950.
)
(C:\Users\Mobina\AppData\Local\Programs\MiKTeX\tex/latex/amscls\amsthm.sty
Package: amsthm 2020/05/29 v2.20.6
\thm@style=\toks22
\thm@bodyfont=\toks23
\thm@headfont=\toks24
\thm@notefont=\toks25
\thm@headpunct=\toks26
\thm@preskip=\skip55
\thm@postskip=\skip56
\thm@headsep=\skip57
\dth@everypar=\toks27
)
(C:\Users\Mobina\AppData\Local\Programs\MiKTeX\tex/latex/amsfonts\amsfonts.sty
Package: amsfonts 2013/01/14 v3.01 Basic AMSFonts support
\symAMSa=\mathgroup4
\symAMSb=\mathgroup5
LaTeX Font Info:    Redeclaring math symbol \hbar on input line 98.
LaTeX Font Info:    Overwriting math alphabet `\mathfrak' in version `bold'
(Font)                  U/euf/m/n --> U/euf/b/n on input line 106.
) (C:\Users\Mobina\AppData\Local\Programs\MiKTeX\tex/latex/amsfonts\amssymb.sty
Package: amssymb 2013/01/14 v3.01 AMS font symbols
) (C:\Users\Mobina\AppData\Local\Programs\MiKTeX\tex/latex/amsmath\amscd.sty
Package: amscd 2017/04/14 v2.1 AMS Commutative Diagrams
\athelp@=\toks28
\minaw@=\dimen158
\bigaw@=\dimen159
\minCDarrowwidth=\dimen160
)
(C:\Users\Mobina\AppData\Local\Programs\MiKTeX\tex/latex/xcolor\xcolor.sty
Package: xcolor 2024/09/29 v3.02 LaTeX color extensions (UK)

(C:\Users\Mobina\AppData\Local\Programs\MiKTeX\tex/latex/graphics-cfg\color.cfg
File: color.cfg 2016/01/02 v1.6 sample color configuration
)
Package xcolor Info: Driver file: xetex.def on input line 274.

(C:\Users\Mobina\AppData\Local\Programs\MiKTeX\tex/latex/graphics-def\xetex.def
File: xetex.def 2022/09/22 v5.0n Graphics/color driver for xetex
)
(C:\Users\Mobina\AppData\Local\Programs\MiKTeX\tex/latex/graphics\mathcolor.ltx
)
Package xcolor Info: Model `cmy' substituted by `cmy0' on input line 1349.
Package xcolor Info: Model `RGB' extended on input line 1365.
Package xcolor Info: Model `HTML' substituted by `rgb' on input line 1367.
Package xcolor Info: Model `Hsb' substituted by `hsb' on input line 1368.
Package xcolor Info: Model `tHsb' substituted by `hsb' on input line 1369.
Package xcolor Info: Model `HSB' substituted by `hsb' on input line 1370.
Package xcolor Info: Model `Gray' substituted by `gray' on input line 1371.
Package xcolor Info: Model `wave' substituted by `hsb' on input line 1372.
)
(C:\Users\Mobina\AppData\Local\Programs\MiKTeX\tex/latex/graphics\graphicx.sty
Package: graphicx 2024/12/31 v1.2e Enhanced LaTeX Graphics (DPC,SPQR)

(C:\Users\Mobina\AppData\Local\Programs\MiKTeX\tex/latex/graphics\keyval.sty
Package: keyval 2022/05/29 v1.15 key=value parser (DPC)
\KV@toks@=\toks29
)
(C:\Users\Mobina\AppData\Local\Programs\MiKTeX\tex/latex/graphics\graphics.sty
Package: graphics 2024/08/06 v1.4g Standard LaTeX Graphics (DPC,SPQR)

(C:\Users\Mobina\AppData\Local\Programs\MiKTeX\tex/latex/graphics\trig.sty
Package: trig 2023/12/02 v1.11 sin cos tan (DPC)
)
(C:\Users\Mobina\AppData\Local\Programs\MiKTeX\tex/latex/graphics-cfg\graphics.
cfg
File: graphics.cfg 2016/06/04 v1.11 sample graphics configuration
)
Package graphics Info: Driver file: xetex.def on input line 106.
)
\Gin@req@height=\dimen161
\Gin@req@width=\dimen162
)
(C:\Users\Mobina\AppData\Local\Programs\MiKTeX\tex/xelatex/xepersian\xepersian.
sty
Package: xepersian 2025/02/02 v25.2.2 (Release Persian Gate) Persian typesettin
g in XeLaTeX

****************************************************
* 
* xepersian package (Persian for LaTeX, using XeTeX engine)
* 
* Description: The package supports Persian
* typesetting, using fonts provided in the
* distribution.
* 
* Copyright (c) 2008--2025 Vafa Khalighi
* Copyright (c) 2018--2020 bidi-tex GitHub Organization
* 
* v25.2.2 (Release Persian Gate), 2025/02/02
* 
* License: LaTeX Project Public License, version
* 1.3c or higher (your choice)
* 
* Location on CTAN: /macros/xetex/latex/xepersian
* 
* Issue tracker: https://github.com/xepersian/xepersian/issues
* 
* Discussions: https://github.com/xepersian/xepersian/discussions
* 
* Primary author of xepersian package: Vafa Khalighi.
* 
****************************************************
(C:\Users\Mobina\AppData\Local\Programs\MiKTeX\tex/latex/fontspec\fontspec.sty
(C:\Users\Mobina\AppData\Local\Programs\MiKTeX\tex/latex/l3packages/xparse\xpar
se.sty
(C:\Users\Mobina\AppData\Local\Programs\MiKTeX\tex/latex/l3kernel\expl3.sty
Package: expl3 2025-06-09 L3 programming layer (loader) 

(C:\Users\Mobina\AppData\Local\Programs\MiKTeX\tex/latex/l3backend\l3backend-xe
tex.def
File: l3backend-xetex.def 2025-06-09 L3 backend support: XeTeX
\g__graphics_track_int=\count291
\g__pdfannot_backend_int=\count292
\g__pdfannot_backend_link_int=\count293
))
Package: xparse 2024-08-16 L3 Experimental document command parser
)
Package: fontspec 2024/05/11 v2.9e Font selection for XeLaTeX and LuaLaTeX

(C:\Users\Mobina\AppData\Local\Programs\MiKTeX\tex/latex/fontspec\fontspec-xete
x.sty
Package: fontspec-xetex 2024/05/11 v2.9e Font selection for XeLaTeX and LuaLaTe
X
\l__fontspec_script_int=\count294
\l__fontspec_language_int=\count295
\l__fontspec_strnum_int=\count296
\l__fontspec_tmp_int=\count297
\l__fontspec_tmpa_int=\count298
\l__fontspec_tmpb_int=\count299
\l__fontspec_tmpc_int=\count300
\l__fontspec_em_int=\count301
\l__fontspec_emdef_int=\count302
\l__fontspec_strong_int=\count303
\l__fontspec_strongdef_int=\count304
\l__fontspec_tmpa_dim=\dimen163
\l__fontspec_tmpb_dim=\dimen164
\l__fontspec_tmpc_dim=\dimen165
 (C:\Users\Mobina\AppData\Local\Programs\MiKTeX\tex/latex/base\fontenc.sty
Package: fontenc 2024/12/21 v2.1c Standard LaTeX package
)
(C:\Users\Mobina\AppData\Local\Programs\MiKTeX\tex/latex/fontspec\fontspec.cfg)
))
(C:\Users\Mobina\AppData\Local\Programs\MiKTeX\tex/xelatex/xepersian\xepersian-
persiancal.sty
Package: xepersian-persiancal 2025/01/01 v0.3 provides Persian calendar
\XePersian@i=\count305
\XePersian@y=\count306
\XePersian@m=\count307
\XePersian@d=\count308
\XePersian@latini=\count309
\XePersian@persiani=\count310
\XePersian@latinii=\count311
\XePersian@persianii=\count312
\XePersian@latiniii=\count313
\XePersian@persianiii=\count314
\XePersian@latiniv=\count315
\XePersian@persianiv=\count316
\XePersian@latinv=\count317
\XePersian@persianv=\count318
\XePersian@latinvi=\count319
\XePersian@persianvi=\count320
\XePersian@latinvii=\count321
\XePersian@persianvii=\count322
\XePersian@latinviii=\count323
\XePersian@persianviii=\count324
\XePersian@latinix=\count325
\XePersian@persianix=\count326
\XePersian@latinx=\count327
\XePersian@persianx=\count328
\XePersian@latinxi=\count329
\XePersian@persianxi=\count330
\XePersian@latinxii=\count331
\XePersian@persianxii=\count332
\XePersian@persianxiii=\count333
\XePersian@temp=\count334
\XePersian@temptwo=\count335
\XePersian@tempthree=\count336
\XePersian@yModHundred=\count337
\XePersian@thirtytwo=\count338
\XePersian@dn=\count339
\XePersian@sn=\count340
\XePersian@mminusone=\count341
)
(C:\Users\Mobina\AppData\Local\Programs\MiKTeX\tex/xelatex/xepersian\unicode-pe
rsianmath.sty
Package: unicode-persianmath 2025/02/02 v1.2.3 Unicode Persian math
)
(C:\Users\Mobina\AppData\Local\Programs\MiKTeX\tex/xelatex/bidi\bidi.sty
Package: bidi 2025/02/02 v25.2.2 (Release Maryam Mirzakhani) Bidirectional type
setting in plain TeX and LaTeX

****************************************************
* 
* bidi package (Bidirectional typesetting in
* plain TeX and LaTeX, using XeTeX engine)
* 
* Description: A convenient interface for
* typesetting bidirectional texts in plain TeX
* and LaTeX. The package includes adaptations
* for use with many other commonly-used packages.
* 
* Copyright (c) 2007--2025 Vafa Khalighi
* Copyright (c) 2018--2020 bidi-tex GitHub organization
* 
* v25.2.2 (Release Maryam Mirzakhani), 2025/02/02
* 
* License: LaTeX Project Public License, version
* 1.3c or higher (your choice)
* 
* Location on CTAN: /macros/xetex/latex/bidi
* 
* Issue tracker: https://github.com/xepersian/bidi/issues
* 
* Discussions: https://github.com/xepersian/bidi/discussions
* 
* Primary author of bidi package: Vafa Khalighi.
* 
****************************************************
(C:\Users\Mobina\AppData\Local\Programs\MiKTeX\tex/xelatex/bidi\biditools.sty
Package: biditools 2025/02/02 v2.7 Programming tools for bidi package
\@bidi@envbody=\toks30
\@bidi@emptytoks=\toks31
\bidi@poscount=\count342
\bidi@tempcountb=\count343
\bidi@temptoksa=\toks32
\bidi@temptoksb=\toks33
\bidi@dummies=\count344
\bidi@are@these@correct=\toks34
\bidi@toks@lista=\toks35
\bidi@toks@listb=\toks36
\bidi@stack@length=\count345
\bidi@empty@stack=\toks37
\bidi@looprepeat@depth=\count346
)
(C:\Users\Mobina\AppData\Local\Programs\MiKTeX\tex/latex/zref\zref-abspage.sty
Package: zref-abspage 2025-06-08 v2.36 Module abspage for zref (HO)

(C:\Users\Mobina\AppData\Local\Programs\MiKTeX\tex/latex/zref\zref-base.sty
Package: zref-base 2025-06-08 v2.36 Module base for zref (HO)

(C:\Users\Mobina\AppData\Local\Programs\MiKTeX\tex/generic/ltxcmds\ltxcmds.sty
Package: ltxcmds 2023-12-04 v1.26 LaTeX kernel commands for general use (HO)
)
(C:\Users\Mobina\AppData\Local\Programs\MiKTeX\tex/generic/infwarerr\infwarerr.
sty
Package: infwarerr 2019/12/03 v1.5 Providing info/warning/error messages (HO)
)
(C:\Users\Mobina\AppData\Local\Programs\MiKTeX\tex/latex/kvsetkeys\kvsetkeys.st
y
Package: kvsetkeys 2022-10-05 v1.19 Key value parser (HO)
)
(C:\Users\Mobina\AppData\Local\Programs\MiKTeX\tex/generic/kvdefinekeys\kvdefin
ekeys.sty
Package: kvdefinekeys 2019-12-19 v1.6 Define keys (HO)
)
(C:\Users\Mobina\AppData\Local\Programs\MiKTeX\tex/generic/pdftexcmds\pdftexcmd
s.sty
Package: pdftexcmds 2020-06-27 v0.33 Utility functions of pdfTeX for LuaTeX (HO
)

(C:\Users\Mobina\AppData\Local\Programs\MiKTeX\tex/generic/iftex\iftex.sty
Package: iftex 2024/12/12 v1.0g TeX engine tests
)
Package pdftexcmds Info: \pdf@primitive is available.
Package pdftexcmds Info: \pdf@ifprimitive is available.
Package pdftexcmds Info: \pdfdraftmode not found.
)
(C:\Users\Mobina\AppData\Local\Programs\MiKTeX\tex/generic/etexcmds\etexcmds.st
y
Package: etexcmds 2019/12/15 v1.7 Avoid name clashes with e-TeX commands (HO)
) (C:\Users\Mobina\AppData\Local\Programs\MiKTeX\tex/latex/auxhook\auxhook.sty
Package: auxhook 2019-12-17 v1.6 Hooks for auxiliary files (HO)
)
Package zref Info: New property list: main on input line 767.
Package zref Info: New property: default on input line 768.
Package zref Info: New property: page on input line 769.
)
\c@abspage=\count347
Package zref Info: New property: abspage on input line 67.
)
\@bidi@copyins@=\insert252
\bidi@typesethour=\count348
\bidi@typesetminute=\count349

(C:\Users\Mobina\AppData\Local\Programs\MiKTeX\tex/xelatex/bidi\latex-xetex-bid
i.def
File: latex-xetex-bidi.def 2025/01/03 v1.5.2 bidi adaptations for `latex.ltx' f
or XeTeX engine
\bidi@n@everypar=\toks38
LaTeX Info: Redefining \centerline on input line 316.
LaTeX Info: Redefining \leftline on input line 325.
LaTeX Info: Redefining \rightline on input line 326.
LaTeX Info: Redefining \underline on input line 334.
\bidi@column@check@number=\count350

(C:\Users\Mobina\AppData\Local\Programs\MiKTeX\tex/xelatex/bidi\footnote-xetex-
bidi.def
File: footnote-xetex-bidi.def 2024/12/14 v1.3 bidi footnote macros for XeTeX en
gine
\c@footdir@label=\count351
\footdir@toks=\toks39
)
(C:\Users\Mobina\AppData\Local\Programs\MiKTeX\tex/xelatex/bidi\article-xetex-b
idi.def
File: article-xetex-bidi.def 2025/01/05 v0.9 bidi adaptations for standard arti
cle class for XeTeX engine
)
(C:\Users\Mobina\AppData\Local\Programs\MiKTeX\tex/xelatex/bidi\amsmath-xetex-b
idi.def
File: amsmath-xetex-bidi.def 2020/05/16 v1.2 bidi adaptations for amsmath packa
ge for XeTeX engine
)
(C:\Users\Mobina\AppData\Local\Programs\MiKTeX\tex/xelatex/bidi\amstext-xetex-b
idi.def
File: amstext-xetex-bidi.def 2016/09/12 v0.2 bidi adaptations for amstext packa
ge for XeTeX engine
)
(C:\Users\Mobina\AppData\Local\Programs\MiKTeX\tex/xelatex/bidi\amsthm-xetex-bi
di.def
File: amsthm-xetex-bidi.def 2010/07/25 v0.1 bidi adaptations for amsthm package
 for XeTeX engine
)
(C:\Users\Mobina\AppData\Local\Programs\MiKTeX\tex/xelatex/bidi\color-xetex-bid
i.def
File: color-xetex-bidi.def 2013/04/08 v0.2 bidi adaptations for color package f
or XeTeX engine
LaTeX Info: Redefining \color on input line 49.
)
(C:\Users\Mobina\AppData\Local\Programs\MiKTeX\tex/xelatex/bidi\graphicx-xetex-
bidi.def
File: graphicx-xetex-bidi.def 2017/06/17 v0.5 bidi adaptations for graphicx pac
kage for XeTeX engine
)
(C:\Users\Mobina\AppData\Local\Programs\MiKTeX\tex/xelatex/bidi\xcolor-xetex-bi
di.def
File: xcolor-xetex-bidi.def 2022/06/13 v0.3 bidi adaptations for xcolor package
 for XeTeX engine
LaTeX Info: Redefining \color on input line 48.
LaTeX Info: Redefining \bidicolor on input line 91.
))
\bidi@digits=\count352
\bidi@digits@charclass=\XeTeXcharclass1
\bidi@sepmark@charclass=\XeTeXcharclass2
)
\xepersian@tcl=\count353
\xepersian@ilg=\dimen166
\xepersian@strutilg=\dimen167

(C:\Users\Mobina\AppData\Local\Programs\MiKTeX\tex/xelatex/xepersian\footnote-x
etex-bidi-xetex-xepersian.def
File: footnote-xetex-bidi-xetex-xepersian.def 2017/08/09 v0.6 xepersian adaptat
ions for footnotes for XeTeX engine
)
(C:\Users\Mobina\AppData\Local\Programs\MiKTeX\tex/xelatex/xepersian\article-xe
tex-xepersian.def
File: article-xetex-xepersian.def 2010/07/25 v0.2 xepersian adaptations for sta
ndard article class for XeTeX engine
)
\xepersian@toks=\toks40
)

Package fontspec Info: 
(fontspec)             Font family 'lmroman10-regular(0)' created for font
(fontspec)             'lmroman10-regular' with options
(fontspec)             [Ligatures=TeX,Path,BoldFont={lmroman10-bold},BoldItalic
Font={lmroman10-bolditalic},ItalicFont={lmroman10-italic},SmallCapsFont={lmroma
ncaps10-regular},SlantedFont={lmromanslant10-regular},BoldSlantedFont={lmromans
lant10-bold}].
(fontspec)              
(fontspec)              This font family consists of the following NFSS
(fontspec)             series/shapes:
(fontspec)              
(fontspec)             - 'normal' (m/n) with NFSS spec.:
(fontspec)             <->"[lmroman10-regular]/OT:script=latn;language=dflt;map
ping=tex-text;"
(fontspec)             - 'small caps'  (m/sc) with NFSS spec.:
(fontspec)             <->"[lmromancaps10-regular]/OT:script=latn;language=dflt
;mapping=tex-text;"
(fontspec)             - 'bold' (b/n) with NFSS spec.:
(fontspec)             <->"[lmroman10-bold]/OT:script=latn;language=dflt;mappin
g=tex-text;"
(fontspec)             - 'bold small caps'  (b/sc) with NFSS spec.:
(fontspec)             <->"[lmromancaps10-regular]/OT:script=latn;language=dflt
;mapping=tex-text;"
(fontspec)             - 'italic' (m/it) with NFSS spec.:
(fontspec)             <->"[lmroman10-italic]/OT:script=latn;language=dflt;mapp
ing=tex-text;"
(fontspec)             - 'italic small caps'  (m/scit) with NFSS spec.:
(fontspec)             <->"[lmromancaps10-regular]/OT:script=latn;language=dflt
;mapping=tex-text;"
(fontspec)             - 'slanted' (m/sl) with NFSS spec.:
(fontspec)             <->"[lmromanslant10-regular]/OT:script=latn;language=dfl
t;mapping=tex-text;"
(fontspec)             - 'slanted small caps'  (m/scsl) with NFSS spec.:
(fontspec)             <->"[lmromancaps10-regular]/OT:script=latn;language=dflt
;mapping=tex-text;"
(fontspec)             - 'bold italic' (b/it) with NFSS spec.:
(fontspec)             <->"[lmroman10-bolditalic]/OT:script=latn;language=dflt;
mapping=tex-text;"
(fontspec)             - 'bold italic small caps'  (b/scit) with NFSS spec.:
(fontspec)             <->"[lmromancaps10-regular]/OT:script=latn;language=dflt
;mapping=tex-text;"
(fontspec)             - 'bold slanted' (b/sl) with NFSS spec.:
(fontspec)             <->"[lmromanslant10-bold]/OT:script=latn;language=dflt;m
apping=tex-text;"
(fontspec)             - 'bold slanted small caps'  (b/scsl) with NFSS spec.:
(fontspec)             <->"[lmromancaps10-regular]/OT:script=latn;language=dflt
;mapping=tex-text;"


(C:\Users\Mobina\AppData\Local\Programs\MiKTeX\tex/latex/placeins\placeins.sty
Package: placeins 2005/04/18  v 2.2
) (C:\Users\Mobina\AppData\Local\Programs\MiKTeX\tex/latex/caption\caption.sty
Package: caption 2023/08/05 v3.6o Customizing captions (AR)

(C:\Users\Mobina\AppData\Local\Programs\MiKTeX\tex/latex/caption\caption3.sty
Package: caption3 2023/07/31 v2.4d caption3 kernel (AR)
\caption@tempdima=\dimen168
\captionmargin=\dimen169
\caption@leftmargin=\dimen170
\caption@rightmargin=\dimen171
\caption@width=\dimen172
\caption@indent=\dimen173
\caption@parindent=\dimen174
\caption@hangindent=\dimen175
Package caption Info: Unknown document class (or package),
(caption)             standard defaults will be used.
Package caption Info: \@makecaption = \long macro:#1#2->\vskip \abovecaptionski
p \sbox \@tempboxa {#1: #2}\ifdim \wd \@tempboxa >\hsize \if@RTL \beginR \fi #1
: #2\if@RTL \endR \fi \par \else \global \@minipagefalse \hb@xt@ \hsize {\if@RT
L \beginR \fi \hfil \box \@tempboxa \hfil \if@RTL \endR \fi }\fi \vskip \belowc
aptionskip  on input line 1175.
)
(C:\Users\Mobina\AppData\Local\Programs\MiKTeX\tex/xelatex/bidi\caption3-xetex-
bidi.def
File: caption3-xetex-bidi.def 2013/04/01 v0.1 bidi adaptations for caption3 pac
kage for XeTeX engine
)

Package caption Warning: Unknown document class (or package),
(caption)                standard defaults will be used.
See the caption package documentation for explanation.

\c@caption@flags=\count354
\c@continuedfloat=\count355
)
(C:\Users\Mobina\AppData\Local\Programs\MiKTeX\tex/xelatex/bidi\caption-xetex-b
idi.def
File: caption-xetex-bidi.def 2010/07/25 v0.1 bidi adaptations for caption packa
ge for XeTeX engine
)
(C:\Users\Mobina\AppData\Local\Programs\MiKTeX\tex/latex/float\float.sty
Package: float 2001/11/08 v1.3d Float enhancements (AL)
\c@float@type=\count356
\float@exts=\toks41
\float@box=\box55
\@float@everytoks=\toks42
\@floatcapt=\box56
)
(C:\Users\Mobina\AppData\Local\Programs\MiKTeX\tex/xelatex/bidi\float-xetex-bid
i.def
File: float-xetex-bidi.def 2013/04/04 v0.2 bidi adaptations for float package f
or XeTeX engine
)

Package fontspec Info: 
(fontspec)             Font family 'Vazir.ttf(0)' created for font 'Vazir.ttf'
(fontspec)             with options
(fontspec)             [RawFeature={script=arab},Ligatures=PersianTeX,BoldFont
(fontspec)             = Vazir-Bold.ttf,Path = fonts/].
(fontspec)              
(fontspec)              This font family consists of the following NFSS
(fontspec)             series/shapes:
(fontspec)              
(fontspec)             - 'normal' (m/n) with NFSS spec.:
(fontspec)             <->"[fonts/Vazir.ttf]/OT:script=latn;language=dflt;scrip
t=arab;mapping=persian-tex-text;"
(fontspec)             - 'bold' (b/n) with NFSS spec.:
(fontspec)             <->"[fonts/Vazir-Bold.ttf]/OT:script=latn;language=dflt;
script=arab;mapping=persian-tex-text;"


Package fontspec Info: 
(fontspec)             Font family 'Vazir.ttf(1)' created for font 'Vazir.ttf'
(fontspec)             with options [Ligatures=TeX,BoldFont =
(fontspec)             Vazir-Bold.ttf,Path = fonts/].
(fontspec)              
(fontspec)              This font family consists of the following NFSS
(fontspec)             series/shapes:
(fontspec)              
(fontspec)             - 'normal' (m/n) with NFSS spec.:
(fontspec)             <->"[fonts/Vazir.ttf]/OT:script=latn;language=dflt;mappi
ng=tex-text;"
(fontspec)             - 'bold' (b/n) with NFSS spec.:
(fontspec)             <->"[fonts/Vazir-Bold.ttf]/OT:script=latn;language=dflt;
mapping=tex-text;"

LaTeX Info: Redefining \latinfont on input line 30.

(C:\Users\Mobina\AppData\Local\Programs\MiKTeX\tex/xelatex/bidi\float-xetex-bid
i.def
File: float-xetex-bidi.def 2013/04/04 v0.2 bidi adaptations for float package f
or XeTeX engine
) (document.aux

LaTeX Warning: Label `fig:yourlabel' multiply defined.


LaTeX Warning: Label `fig:yourlabel' multiply defined.


LaTeX Warning: Label `fig:yourlabel' multiply defined.


LaTeX Warning: Label `fig:yourlabel' multiply defined.


LaTeX Warning: Label `fig:yourlabel' multiply defined.


LaTeX Warning: Label `fig:yourlabel' multiply defined.


LaTeX Warning: Label `fig:yourlabel' multiply defined.


LaTeX Warning: Label `fig:yourlabel' multiply defined.


LaTeX Warning: Label `fig:yourlabel' multiply defined.

)
\openout1 = `document.aux'.

LaTeX Font Info:    Checking defaults for OML/cmm/m/it on input line 37.
LaTeX Font Info:    ... okay on input line 37.
LaTeX Font Info:    Checking defaults for OMS/cmsy/m/n on input line 37.
LaTeX Font Info:    ... okay on input line 37.
LaTeX Font Info:    Checking defaults for OT1/cmr/m/n on input line 37.
LaTeX Font Info:    ... okay on input line 37.
LaTeX Font Info:    Checking defaults for T1/cmr/m/n on input line 37.
LaTeX Font Info:    ... okay on input line 37.
LaTeX Font Info:    Checking defaults for TS1/cmr/m/n on input line 37.
LaTeX Font Info:    ... okay on input line 37.
LaTeX Font Info:    Checking defaults for TU/lmr/m/n on input line 37.
LaTeX Font Info:    ... okay on input line 37.
LaTeX Font Info:    Checking defaults for OMX/cmex/m/n on input line 37.
LaTeX Font Info:    ... okay on input line 37.
LaTeX Font Info:    Checking defaults for U/cmr/m/n on input line 37.
LaTeX Font Info:    ... okay on input line 37.
Package caption Info: Begin \AtBeginDocument code.
Package caption Info: float package is loaded.
Package caption Info: End \AtBeginDocument code.
LaTeX Font Info:    Trying to load font information for U+msa on input line 48.

 (C:\Users\Mobina\AppData\Local\Programs\MiKTeX\tex/latex/amsfonts\umsa.fd
File: umsa.fd 2013/01/14 v3.01 AMS symbols A
)
LaTeX Font Info:    Trying to load font information for U+msb on input line 48.


(C:\Users\Mobina\AppData\Local\Programs\MiKTeX\tex/latex/amsfonts\umsb.fd
File: umsb.fd 2013/01/14 v3.01 AMS symbols B
)
Overfull \hbox (1.62343pt too wide) in paragraph at lines 87--88
[][]\TU/Vazir.ttf(0)/b/n/12 حذف کلمات توقف (Stopwords): \TU/Vazir.ttf(0)/m/n/12
 کلماتی مثل \TU/lmtt/m/n/12 the, is, in \TU/Vazir.ttf(0)/m/n/12 اطلاعات خاصی من
تقل نمی‌کنند[]
 []



[1

]
File: 1.png Graphic file (type bmp)
<1.png>

Overfull \hbox (2.6571pt too wide) in paragraph at lines 113--114
[][]\TU/Vazir.ttf(0)/b/n/12 ابعاد ماتریس: \TU/Vazir.ttf(0)/m/n/12 با توجه به تع
داد واژگان یکتا (واژگان نهایی)، لازم بود که ابتدا دیکشنری []\TU/Vazir.ttf(1)/m/
n/12 word2idx[][]
 []

File: 2-1.png Graphic file (type bmp)
<2-1.png>


[2]
Overfull \hbox (32.83679pt too wide) in paragraph at lines 132--133
[][]\TU/Vazir.ttf(0)/b/n/12 تنظیمات مدل: \TU/Vazir.ttf(0)/m/n/12 برای آموزش مدل
، پارامترهایی مانند []\TU/Vazir.ttf(1)/m/n/12 vector_size=100[]\TU/Vazir.ttf(0)
/m/n/12 ، []\TU/Vazir.ttf(1)/m/n/12 window=5[] \TU/Vazir.ttf(0)/m/n/12 و []\TU/
Vazir.ttf(1)/m/n/12 min_count=2[][]
 []



[3]
File: 2-2.png Graphic file (type bmp)
<2-2.png>


[4]
File: tfidfModel.png Graphic file (type bmp)
<tfidfModel.png>


[5]
File: word2vecModel.png Graphic file (type bmp)
<word2vecModel.png>


[6]
File: lrTfidf.png Graphic file (type bmp)
<lrTfidf.png>
File: tfidfConfusionMatrix.png Graphic file (type bmp)
<tfidfConfusionMatrix.png>


[7]

[8]
File: lrWord2vec.png Graphic file (type bmp)
<lrWord2vec.png>
File: word2vecConfusionMatrix.png Graphic file (type bmp)
<word2vecConfusionMatrix.png>


[9]

[10]
Overfull \hbox (0.66492pt too wide) in paragraph at lines 268--269
[][]\TU/Vazir.ttf(0)/m/n/12 دسته‌ی کتاب‌ها همچنان با دقت بالا تشخیص داده می‌شود
، اما چند مورد به اشتباه در دسته‌های[]
 []

File: word2vec.png Graphic file (type bmp)
<word2vec.png>
File: tfidf.png Graphic file (type bmp)
<tfidf.png>


[11]

[12]
File: vectorsTfidf.png Graphic file (type bmp)
<vectorsTfidf.png>

Missing character: There is no Ã in font [fonts/Vazir.ttf]/OT:script=latn;langu
age=dflt;mapping=tex-text;!
Missing character: There is no Â in font [fonts/Vazir.ttf]/OT:script=latn;langu
age=dflt;mapping=tex-text;!

Underfull \hbox (badness 10000) in paragraph at lines 395--397
[][][][]
 []


Underfull \hbox (badness 10000) in paragraph at lines 395--397
[][][][]
 []


Underfull \hbox (badness 10000) in paragraph at lines 395--397
[][][][]
 []


Underfull \hbox (badness 10000) in paragraph at lines 395--397
[][][][]
 []


Overfull \hbox (13.39539pt too wide) in paragraph at lines 395--397
[][]\TU/Vazir.ttf(1)/m/n/12 and-stains, this sleek trench provides style, prote
ction and comfort on chilly days.raincoat[][]
 []


Overfull \hbox (9.25476pt too wide) in paragraph at lines 395--397
[][]\TU/Vazir.ttf(1)/m/n/12 newera raincoat branded raincoat waterproof raincoa
t long rainwear for women/raincoat[][]
 []


Underfull \hbox (badness 10000) in paragraph at lines 395--397
[][][][]
 []


Underfull \hbox (badness 10000) in paragraph at lines 395--397
[][][][]
 []


Underfull \hbox (badness 10000) in paragraph at lines 395--397
[][][][]
 []


Underfull \hbox (badness 10000) in paragraph at lines 395--397
[][][][]
 []


Underfull \hbox (badness 10000) in paragraph at lines 395--397
[][][][]
 []


Underfull \hbox (badness 10000) in paragraph at lines 395--397
[][][][]
 []


Underfull \hbox (badness 10000) in paragraph at lines 395--397
[][][][]
 []


Underfull \hbox (badness 10000) in paragraph at lines 395--397
[][][][]
 []


Underfull \hbox (badness 10000) in paragraph at lines 395--397
[][][][]
 []


Underfull \hbox (badness 10000) in paragraph at lines 395--397
[][][][]
 []


Underfull \hbox (badness 10000) in paragraph at lines 395--397
[][][][]
 []


Overfull \hbox (61.77039pt too wide) in paragraph at lines 395--397
[][]\TU/Vazir.ttf(1)/m/n/12 Text: Zoook Rocker Thunder 20 watts Bluetooth Speak
er with Karaoke Mic/TF/FM/LED/USB/Party[][]
 []


Underfull \hbox (badness 10000) in paragraph at lines 395--397
[][][][]
 []


Overfull \hbox (3.91101pt too wide) in paragraph at lines 395--397
[][]\TU/Vazir.ttf(1)/m/n/12 mm(Manual focusing), Multimedia Interface: 1*VGA,1*
USB,1*SD,1*HDMI,1*3.5mm Au-[][]
 []


Underfull \hbox (badness 10000) in paragraph at lines 395--397
[][][][]
 []


Underfull \hbox (badness 10000) in paragraph at lines 395--397
[][][][]
 []


Underfull \hbox (badness 10000) in paragraph at lines 395--397
[][][][]
 []


Underfull \hbox (badness 10000) in paragraph at lines 395--397
[][][][]
 []


Underfull \hbox (badness 10000) in paragraph at lines 395--397
[][][][]
 []


Underfull \hbox (badness 10000) in paragraph at lines 395--397
[][][][]
 []


Underfull \hbox (badness 10000) in paragraph at lines 395--397
[][][][]
 []


Underfull \hbox (badness 10000) in paragraph at lines 395--397
[][][][]
 []


Underfull \hbox (badness 10000) in paragraph at lines 395--397
[][][][]
 []



[13]

[14]

[15]

[16]

[17]
Underfull \hbox (badness 10000) in paragraph at lines 398--405
[][]
 []



[18]
Underfull \hbox (badness 10000) in paragraph at lines 405--410
[][]
 []


Underfull \hbox (badness 10000) in paragraph at lines 411--418
[][]
 []

File: vectorsWord2vec.png Graphic file (type bmp)
<vectorsWord2vec.png>


[19]
Missing character: There is no Ã in font [fonts/Vazir.ttf]/OT:script=latn;langu
age=dflt;mapping=tex-text;!
Missing character: There is no Â in font [fonts/Vazir.ttf]/OT:script=latn;langu
age=dflt;mapping=tex-text;!

Underfull \hbox (badness 10000) in paragraph at lines 528--530
[][][][]
 []


Underfull \hbox (badness 10000) in paragraph at lines 528--530
[][][][]
 []


Underfull \hbox (badness 10000) in paragraph at lines 528--530
[][][][]
 []


Underfull \hbox (badness 10000) in paragraph at lines 528--530
[][][][]
 []


Underfull \hbox (badness 10000) in paragraph at lines 528--530
[][][][]
 []


Underfull \hbox (badness 10000) in paragraph at lines 528--530
[][][][]
 []


Underfull \hbox (badness 10000) in paragraph at lines 528--530
[][][][]
 []


Underfull \hbox (badness 10000) in paragraph at lines 528--530
[][][][]
 []


Underfull \hbox (badness 10000) in paragraph at lines 528--530
[][][][]
 []


Underfull \hbox (badness 10000) in paragraph at lines 528--530
[][][][]
 []


Underfull \hbox (badness 10000) in paragraph at lines 528--530
[][][][]
 []


Underfull \hbox (badness 10000) in paragraph at lines 528--530
[][][][]
 []


Underfull \hbox (badness 10000) in paragraph at lines 528--530
[][][][]
 []


Overfull \hbox (13.39539pt too wide) in paragraph at lines 528--530
[][]\TU/Vazir.ttf(1)/m/n/12 and-stains, this sleek trench provides style, prote
ction and comfort on chilly days.raincoat[][]
 []


Overfull \hbox (9.25476pt too wide) in paragraph at lines 528--530
[][]\TU/Vazir.ttf(1)/m/n/12 newera raincoat branded raincoat waterproof raincoa
t long rainwear for women/raincoat[][]
 []


Underfull \hbox (badness 10000) in paragraph at lines 528--530
[][][][]
 []


Underfull \hbox (badness 10000) in paragraph at lines 528--530
[][][][]
 []


Underfull \hbox (badness 10000) in paragraph at lines 528--530
[][][][]
 []


Underfull \hbox (badness 10000) in paragraph at lines 528--530
[][][][]
 []


Overfull \hbox (61.77039pt too wide) in paragraph at lines 528--530
[][]\TU/Vazir.ttf(1)/m/n/12 Text: Zoook Rocker Thunder 20 watts Bluetooth Speak
er with Karaoke Mic/TF/FM/LED/USB/Party[][]
 []


Underfull \hbox (badness 10000) in paragraph at lines 528--530
[][][][]
 []


Overfull \hbox (3.91101pt too wide) in paragraph at lines 528--530
[][]\TU/Vazir.ttf(1)/m/n/12 mm(Manual focusing), Multimedia Interface: 1*VGA,1*
USB,1*SD,1*HDMI,1*3.5mm Au-[][]
 []


Underfull \hbox (badness 10000) in paragraph at lines 528--530
[][][][]
 []


Underfull \hbox (badness 10000) in paragraph at lines 528--530
[][][][]
 []


Underfull \hbox (badness 10000) in paragraph at lines 528--530
[][][][]
 []


Underfull \hbox (badness 10000) in paragraph at lines 528--530
[][][][]
 []


Underfull \hbox (badness 10000) in paragraph at lines 528--530
[][][][]
 []


Underfull \hbox (badness 10000) in paragraph at lines 528--530
[][][][]
 []


Underfull \hbox (badness 10000) in paragraph at lines 528--530
[][][][]
 []


Underfull \hbox (badness 10000) in paragraph at lines 528--530
[][][][]
 []


Underfull \hbox (badness 10000) in paragraph at lines 528--530
[][][][]
 []



[20]

[21]

[22]

[23]

[24]

LaTeX Font Warning: Font shape `TU/Vazir.ttf(0)/m/it' undefined
(Font)              using `TU/Vazir.ttf(0)/m/n' instead on input line 534.


Underfull \hbox (badness 10000) in paragraph at lines 531--538
[][]
 []



[25]
Underfull \hbox (badness 10000) in paragraph at lines 539--544
[][]
 []


Underfull \hbox (badness 10000) in paragraph at lines 545--552
[][]
 []


Underfull \hbox (badness 10000) in paragraph at lines 553--558
[][]
 []



[26] (document.aux)
 ***********
LaTeX2e <2025-06-01> patch level 1
L3 programming layer <2025-06-09>
 ***********


LaTeX Font Warning: Some font shapes were not available, defaults substituted.


LaTeX Warning: There were multiply-defined labels.

 ) 
Here is how much of TeX's memory you used:
 9955 strings out of 403337
 240555 string characters out of 5462833
 679503 words of memory out of 5000000
 38138 multiletter control sequences out of 15000+600000
 631662 words of font info for 82 fonts, out of 8000000 for 9000
 1348 hyphenation exceptions out of 8191
 99i,11n,107p,1465b,352s stack positions out of 10000i,1000n,20000p,200000b,200000s

Output written on document.pdf (26 pages).
